<?xml version="1.0" encoding="UTF-8"?>
<testng-results ignored="0" total="9" passed="8" failed="1" skipped="0">
  <reporter-output>
  </reporter-output>
  <suite started-at="2022-04-05T11:31:42 CDT" name="Default suite" finished-at="2022-04-05T11:35:48 CDT" duration-ms="245828">
    <groups>
    </groups>
    <test started-at="2022-04-05T11:31:42 CDT" name="Default test" finished-at="2022-04-05T11:35:48 CDT" duration-ms="245828">
      <class name="Webdriver.MakeMyTrip">
        <test-method is-config="true" signature="intialization()[pri:0, instance:Webdriver.MakeMyTrip@7671cb68]" started-at="2022-04-05T11:31:42 CDT" name="intialization" finished-at="2022-04-05T11:31:56 CDT" duration-ms="14326" status="PASS">
          <reporter-output>
          </reporter-output>
        </test-method> <!-- intialization -->
        <test-method signature="Flight()[pri:1, instance:Webdriver.MakeMyTrip@7671cb68]" started-at="2022-04-05T11:31:57 CDT" name="Flight" finished-at="2022-04-05T11:32:04 CDT" duration-ms="6995" status="PASS">
          <reporter-output>
          </reporter-output>
        </test-method> <!-- Flight -->
        <test-method signature="DataPicker()[pri:2, instance:Webdriver.MakeMyTrip@7671cb68]" started-at="2022-04-05T11:32:04 CDT" name="DataPicker" finished-at="2022-04-05T11:32:04 CDT" depends-on-methods="Webdriver.MakeMyTrip.Flight" duration-ms="696" status="PASS">
          <reporter-output>
          </reporter-output>
        </test-method> <!-- DataPicker -->
        <test-method signature="DepartureFlightInfo()[pri:3, instance:Webdriver.MakeMyTrip@7671cb68]" started-at="2022-04-05T11:32:04 CDT" name="DepartureFlightInfo" finished-at="2022-04-05T11:32:51 CDT" depends-on-methods="Webdriver.MakeMyTrip.DataPicker" duration-ms="46712" status="PASS">
          <reporter-output>
          </reporter-output>
        </test-method> <!-- DepartureFlightInfo -->
        <test-method signature="ReturnFilghtInfo()[pri:4, instance:Webdriver.MakeMyTrip@7671cb68]" started-at="2022-04-05T11:32:51 CDT" name="ReturnFilghtInfo" finished-at="2022-04-05T11:32:51 CDT" depends-on-methods="Webdriver.MakeMyTrip.DepartureFlightInfo" duration-ms="38" status="PASS">
          <reporter-output>
          </reporter-output>
        </test-method> <!-- ReturnFilghtInfo -->
        <test-method signature="FarePriceCheck(int,int)[pri:5, instance:Webdriver.MakeMyTrip@7671cb68]" started-at="2022-04-05T11:32:51 CDT" name="FarePriceCheck" data-provider="getData" finished-at="2022-04-05T11:33:27 CDT" depends-on-methods="Webdriver.MakeMyTrip.ReturnFilghtInfo" duration-ms="35760" status="PASS">
          <params>
            <param index="0">
              <value>
                <![CDATA[2]]>
              </value>
            </param>
            <param index="1">
              <value>
                <![CDATA[3]]>
              </value>
            </param>
          </params>
          <reporter-output>
          </reporter-output>
        </test-method> <!-- FarePriceCheck -->
        <test-method signature="FarePriceCheck(int,int)[pri:5, instance:Webdriver.MakeMyTrip@7671cb68]" started-at="2022-04-05T11:33:27 CDT" name="FarePriceCheck" data-provider="getData" finished-at="2022-04-05T11:34:03 CDT" depends-on-methods="Webdriver.MakeMyTrip.ReturnFilghtInfo" duration-ms="35786" status="PASS">
          <params>
            <param index="0">
              <value>
                <![CDATA[5]]>
              </value>
            </param>
            <param index="1">
              <value>
                <![CDATA[6]]>
              </value>
            </param>
          </params>
          <reporter-output>
          </reporter-output>
        </test-method> <!-- FarePriceCheck -->
        <test-method signature="FarePriceCheck(int,int)[pri:5, instance:Webdriver.MakeMyTrip@7671cb68]" started-at="2022-04-05T11:34:03 CDT" name="FarePriceCheck" data-provider="getData" finished-at="2022-04-05T11:34:38 CDT" depends-on-methods="Webdriver.MakeMyTrip.ReturnFilghtInfo" duration-ms="35232" status="PASS">
          <params>
            <param index="0">
              <value>
                <![CDATA[5]]>
              </value>
            </param>
            <param index="1">
              <value>
                <![CDATA[3]]>
              </value>
            </param>
          </params>
          <reporter-output>
          </reporter-output>
        </test-method> <!-- FarePriceCheck -->
        <test-method signature="FarePriceCheck(int,int)[pri:5, instance:Webdriver.MakeMyTrip@7671cb68]" started-at="2022-04-05T11:34:38 CDT" name="FarePriceCheck" data-provider="getData" finished-at="2022-04-05T11:35:14 CDT" depends-on-methods="Webdriver.MakeMyTrip.ReturnFilghtInfo" duration-ms="35705" status="PASS">
          <params>
            <param index="0">
              <value>
                <![CDATA[3]]>
              </value>
            </param>
            <param index="1">
              <value>
                <![CDATA[4]]>
              </value>
            </param>
          </params>
          <reporter-output>
          </reporter-output>
        </test-method> <!-- FarePriceCheck -->
        <test-method signature="FarePriceCheck(int,int)[pri:5, instance:Webdriver.MakeMyTrip@7671cb68]" started-at="2022-04-05T11:35:14 CDT" name="FarePriceCheck" data-provider="getData" finished-at="2022-04-05T11:35:48 CDT" depends-on-methods="Webdriver.MakeMyTrip.ReturnFilghtInfo" duration-ms="34414" status="FAIL">
          <params>
            <param index="0">
              <value>
                <![CDATA[10]]>
              </value>
            </param>
            <param index="1">
              <value>
                <![CDATA[1]]>
              </value>
            </param>
          </params>
          <exception class="org.openqa.selenium.ElementClickInterceptedException">
            <message>
              <![CDATA[element click intercepted: Element <span class="customRadioBtn">...</span> is not clickable at point (1287, 12). Other element would receive the click: <div class="hsw_inner">...</div>
  (Session info: chrome=99.0.4844.84)
Build info: version: '3.141.59', revision: 'e82be7d358', time: '2018-11-14T08:25:48'
System info: host: 'pavanis-Air', ip: '2600:1702:4c72:a300:a41a:963:e9e5:ecc%en0', os.name: 'Mac OS X', os.arch: 'x86_64', os.version: '10.16', java.version: '15.0.2'
Driver info: org.openqa.selenium.chrome.ChromeDriver
Capabilities {acceptInsecureCerts: false, browserName: chrome, browserVersion: 99.0.4844.84, chrome: {chromedriverVersion: 99.0.4844.51 (d537ec02474b5..., userDataDir: /var/folders/pc/1yxmjvvs7s1...}, goog:chromeOptions: {debuggerAddress: localhost:55916}, javascriptEnabled: true, networkConnectionEnabled: false, pageLoadStrategy: normal, platform: MAC, platformName: MAC, proxy: Proxy(), setWindowRect: true, strictFileInteractability: false, timeouts: {implicit: 0, pageLoad: 300000, script: 30000}, unhandledPromptBehavior: dismiss and notify, webauthn:extension:credBlob: true, webauthn:extension:largeBlob: true, webauthn:virtualAuthenticators: true}
Session ID: 663a90f19f1decea51771e7e83ed406b]]>
            </message>
            <full-stacktrace>
              <![CDATA[org.openqa.selenium.ElementClickInterceptedException: element click intercepted: Element <span class="customRadioBtn">...</span> is not clickable at point (1287, 12). Other element would receive the click: <div class="hsw_inner">...</div>
  (Session info: chrome=99.0.4844.84)
Build info: version: '3.141.59', revision: 'e82be7d358', time: '2018-11-14T08:25:48'
System info: host: 'pavanis-Air', ip: '2600:1702:4c72:a300:a41a:963:e9e5:ecc%en0', os.name: 'Mac OS X', os.arch: 'x86_64', os.version: '10.16', java.version: '15.0.2'
Driver info: org.openqa.selenium.chrome.ChromeDriver
Capabilities {acceptInsecureCerts: false, browserName: chrome, browserVersion: 99.0.4844.84, chrome: {chromedriverVersion: 99.0.4844.51 (d537ec02474b5..., userDataDir: /var/folders/pc/1yxmjvvs7s1...}, goog:chromeOptions: {debuggerAddress: localhost:55916}, javascriptEnabled: true, networkConnectionEnabled: false, pageLoadStrategy: normal, platform: MAC, platformName: MAC, proxy: Proxy(), setWindowRect: true, strictFileInteractability: false, timeouts: {implicit: 0, pageLoad: 300000, script: 30000}, unhandledPromptBehavior: dismiss and notify, webauthn:extension:credBlob: true, webauthn:extension:largeBlob: true, webauthn:virtualAuthenticators: true}
Session ID: 663a90f19f1decea51771e7e83ed406b
at java.base/jdk.internal.reflect.NativeConstructorAccessorImpl.newInstance0(Native Method)
at java.base/jdk.internal.reflect.NativeConstructorAccessorImpl.newInstance(NativeConstructorAccessorImpl.java:64)
at java.base/jdk.internal.reflect.DelegatingConstructorAccessorImpl.newInstance(DelegatingConstructorAccessorImpl.java:45)
at java.base/java.lang.reflect.Constructor.newInstanceWithCaller(Constructor.java:500)
at java.base/java.lang.reflect.Constructor.newInstance(Constructor.java:481)
at org.openqa.selenium.remote.http.W3CHttpResponseCodec.createException(W3CHttpResponseCodec.java:187)
at org.openqa.selenium.remote.http.W3CHttpResponseCodec.decode(W3CHttpResponseCodec.java:122)
at org.openqa.selenium.remote.http.W3CHttpResponseCodec.decode(W3CHttpResponseCodec.java:49)
at org.openqa.selenium.remote.HttpCommandExecutor.execute(HttpCommandExecutor.java:158)
at org.openqa.selenium.remote.service.DriverCommandExecutor.execute(DriverCommandExecutor.java:83)
at org.openqa.selenium.remote.RemoteWebDriver.execute(RemoteWebDriver.java:552)
at org.openqa.selenium.remote.RemoteWebElement.execute(RemoteWebElement.java:285)
at org.openqa.selenium.remote.RemoteWebElement.click(RemoteWebElement.java:84)
at Webdriver.MakeMyTrip.FarePriceCheck(MakeMyTrip.java:170)
at java.base/jdk.internal.reflect.NativeMethodAccessorImpl.invoke0(Native Method)
at java.base/jdk.internal.reflect.NativeMethodAccessorImpl.invoke(NativeMethodAccessorImpl.java:64)
at java.base/jdk.internal.reflect.DelegatingMethodAccessorImpl.invoke(DelegatingMethodAccessorImpl.java:43)
at java.base/java.lang.reflect.Method.invoke(Method.java:564)
at org.testng.internal.MethodInvocationHelper.invokeMethod(MethodInvocationHelper.java:133)
at org.testng.internal.TestInvoker.invokeMethod(TestInvoker.java:598)
at org.testng.internal.TestInvoker.invokeTestMethod(TestInvoker.java:173)
at org.testng.internal.MethodRunner.runInSequence(MethodRunner.java:46)
at org.testng.internal.TestInvoker$MethodInvocationAgent.invoke(TestInvoker.java:824)
at org.testng.internal.TestInvoker.invokeTestMethods(TestInvoker.java:146)
at org.testng.internal.TestMethodWorker.invokeTestMethods(TestMethodWorker.java:146)
at org.testng.internal.TestMethodWorker.run(TestMethodWorker.java:128)
at java.base/java.util.ArrayList.forEach(ArrayList.java:1511)
at org.testng.TestRunner.privateRun(TestRunner.java:794)
at org.testng.TestRunner.run(TestRunner.java:596)
at org.testng.SuiteRunner.runTest(SuiteRunner.java:377)
at org.testng.SuiteRunner.runSequentially(SuiteRunner.java:371)
at org.testng.SuiteRunner.privateRun(SuiteRunner.java:332)
at org.testng.SuiteRunner.run(SuiteRunner.java:276)
at org.testng.SuiteRunnerWorker.runSuite(SuiteRunnerWorker.java:53)
at org.testng.SuiteRunnerWorker.run(SuiteRunnerWorker.java:96)
at org.testng.TestNG.runSuitesSequentially(TestNG.java:1212)
at org.testng.TestNG.runSuitesLocally(TestNG.java:1134)
at org.testng.TestNG.runSuites(TestNG.java:1063)
at org.testng.TestNG.run(TestNG.java:1031)
at org.testng.remote.AbstractRemoteTestNG.run(AbstractRemoteTestNG.java:115)
at org.testng.remote.RemoteTestNG.initAndRun(RemoteTestNG.java:251)
at org.testng.remote.RemoteTestNG.main(RemoteTestNG.java:77)
]]>
            </full-stacktrace>
          </exception> <!-- org.openqa.selenium.ElementClickInterceptedException -->
          <reporter-output>
          </reporter-output>
        </test-method> <!-- FarePriceCheck -->
        <test-method is-config="true" signature="quit()[pri:0, instance:Webdriver.MakeMyTrip@7671cb68]" started-at="2022-04-05T11:35:48 CDT" name="quit" finished-at="2022-04-05T11:35:48 CDT" duration-ms="1" status="PASS">
          <reporter-output>
          </reporter-output>
        </test-method> <!-- quit -->
      </class> <!-- Webdriver.MakeMyTrip -->
    </test> <!-- Default test -->
  </suite> <!-- Default suite -->
</testng-results>
